<?xml version="1.0" encoding="UTF-8"?>
<testsuites name="TS_DemoEPD" time="28" tests="2" failures="0" errors="0">
   <testsuite name="TS_DemoEPD" tests="2" failures="0" errors="0" time="28" timestamp="2018-03-20 20:05:38" hostname="mslin - menLap" id="Test Suites/TS_DemoEPD">
      <properties>
         <property name="deviceName" value=""/>
         <property name="devicePlatform" value=""/>
         <property name="logFolder" value="C:\\Users\\mslin\\katalonstudio\\sampleWeb\\Reports\\TS_DemoEPD\\20180320_200531"/>
         <property name="logFiles" value="C:\\Users\\mslin\\katalonstudio\\sampleWeb\\Reports\\TS_DemoEPD\\20180320_200531\\execution0.log"/>
         <property name="attachments" value=""/>
         <property name="hostName" value="mslin - menLap"/>
         <property name="os" value="Windows 10 64bit"/>
         <property name="katalonVersion" value="5.3.1.1"/>
         <property name="browser" value="Chrome 65.0.3325.162"/>
         <property name="hostAddress" value="192.168.99.1"/>
         <property name="sessionId" value="780762ec99115a2418a643086c75eda1"/>
         <property name="seleniumVersion" value="3.7.1"/>
         <property name="proxyInformation" value="ProxyInformation{proxyOption=NO_PROXY, proxyServerType=HTTP, password=, proxyServerAddress=, proxyServerPort=0}"/>
         <property name="platform" value="Windows 10"/>
      </properties>
      <testcase name="Test Cases/EPD/Test Cases/TC_RestMaakPatientAan_ControleerPatient_VoegBehandelingToe_VerwijderPatient" classname="Test Cases/EPD/Test Cases/TC_RestMaakPatientAan_ControleerPatient_VoegBehandelingToe_VerwijderPatient" status="PASSED">
         <system-out><![CDATA[2018-03-20 20:05:38 - [TEST_CASE][PASSED] - Test Cases/EPD/Test Cases/TC_RestMaakPatientAan_ControleerPatient_VoegBehandelingToe_VerwijderPatient: Test Cases/EPD/Test Cases/TC_RestMaakPatientAan_ControleerPatient_VoegBehandelingToe_VerwijderPatient

2018-03-20 20:05:39 - [TEST_STEP][PASSED] - callTestCase: Call Test Case 'Test Cases/EPD/Components/Rest/MaakPatientAanVoorZiekenhuisA' successfully

2018-03-20 20:05:39 - [TEST_CASE][PASSED] - Test Cases/EPD/Components/Rest/MaakPatientAanVoorZiekenhuisA: Test Cases/EPD/Components/Rest/MaakPatientAanVoorZiekenhuisA

2018-03-20 20:05:39 - [TEST_STEP][PASSED] - Statement - response = com.kms.katalon.core.webservice.keyword.WSBuiltInKeywords.sendRequest(com.kms.katalon.core.testobject.ObjectRepository.findTestObject(EPD/Rest/REST_postPatientDeTesterForHospitalA)): Send request successfully

2018-03-20 20:05:42 - [MESSAGE][PASSED] - Send request successfully

2018-03-20 20:05:42 - [MESSAGE][PASSED] - Call Test Case 'Test Cases/EPD/Components/Rest/MaakPatientAanVoorZiekenhuisA' successfully

2018-03-20 20:05:42 - [TEST_STEP][PASSED] - callTestCase: Call Test Case 'Test Cases/EPD/Components/UI/StartBrowser' successfully

2018-03-20 20:05:42 - [TEST_CASE][PASSED] - Test Cases/EPD/Components/UI/StartBrowser: Test Cases/EPD/Components/UI/StartBrowser

2018-03-20 20:05:42 - [TEST_STEP][PASSED] - openBrowser: Browser is opened with url: 'https://epdonline.herokuapp.com/'

2018-03-20 20:05:47 - [MESSAGE][PASSED] - Browser is opened with url: 'https://epdonline.herokuapp.com/'

2018-03-20 20:05:47 - [MESSAGE][PASSED] - Call Test Case 'Test Cases/EPD/Components/UI/StartBrowser' successfully

2018-03-20 20:05:47 - [TEST_STEP][PASSED] - click: Object: 'Object Repository/EPD/UI/Page_EPD online/a_Open EPD' is clicked on

2018-03-20 20:05:47 - [MESSAGE][PASSED] - Object: 'Object Repository/EPD/UI/Page_EPD online/a_Open EPD' is clicked on

2018-03-20 20:05:47 - [TEST_STEP][PASSED] - click: Object: 'Object Repository/EPD/UI/Page_EPD online/a_Overzicht patienten' is clicked on

2018-03-20 20:05:48 - [MESSAGE][PASSED] - Object: 'Object Repository/EPD/UI/Page_EPD online/a_Overzicht patienten' is clicked on

2018-03-20 20:05:48 - [TEST_STEP][PASSED] - callTestCase: Call Test Case 'Test Cases/EPD/Components/UI/VerifieerPatient' successfully

2018-03-20 20:05:48 - [TEST_CASE][PASSED] - Test Cases/EPD/Components/UI/VerifieerPatient: Test Cases/EPD/Components/UI/VerifieerPatient

2018-03-20 20:05:48 - [TEST_STEP][PASSED] - verifyTextPresent: Text 'de Tester' is present on page 

2018-03-20 20:05:48 - [MESSAGE][PASSED] - Text 'de Tester' is present on page 

2018-03-20 20:05:48 - [MESSAGE][PASSED] - Call Test Case 'Test Cases/EPD/Components/UI/VerifieerPatient' successfully

2018-03-20 20:05:48 - [TEST_STEP][PASSED] - click: Object: 'Object Repository/EPD/UI/Page_EPD online/a_Details' is clicked on

2018-03-20 20:05:48 - [MESSAGE][PASSED] - Object: 'Object Repository/EPD/UI/Page_EPD online/a_Details' is clicked on

2018-03-20 20:05:48 - [TEST_STEP][PASSED] - click: Object: 'Object Repository/EPD/UI/Page_EPD_Patient details/a_Behandeling toevoegen' is clicked on

2018-03-20 20:05:49 - [MESSAGE][PASSED] - Object: 'Object Repository/EPD/UI/Page_EPD_Patient details/a_Behandeling toevoegen' is clicked on

2018-03-20 20:05:49 - [TEST_STEP][PASSED] - callTestCase: Call Test Case 'Test Cases/EPD/Components/UI/VoegBehandelingToe' successfully

2018-03-20 20:05:49 - [TEST_CASE][PASSED] - Test Cases/EPD/Components/UI/VoegBehandelingToe: Test Cases/EPD/Components/UI/VoegBehandelingToe

2018-03-20 20:05:49 - [TEST_STEP][PASSED] - selectOptionByValue: All options with value '18' are selected in object 'Object Repository/EPD/UI/Page_EPD Toevoegen behandeling/select_12345678910111213141516' 

2018-03-20 20:05:49 - [MESSAGE][PASSED] - All options with value '18' are selected in object 'Object Repository/EPD/UI/Page_EPD Toevoegen behandeling/select_12345678910111213141516' 

2018-03-20 20:05:49 - [TEST_STEP][PASSED] - selectOptionByValue: All options with value '4' are selected in object 'Object Repository/EPD/UI/Page_EPD Toevoegen behandeling/select_JanuaryFebruaryMarchApr' 

2018-03-20 20:05:49 - [MESSAGE][PASSED] - All options with value '4' are selected in object 'Object Repository/EPD/UI/Page_EPD Toevoegen behandeling/select_JanuaryFebruaryMarchApr' 

2018-03-20 20:05:49 - [TEST_STEP][PASSED] - selectOptionByValue: All options with value '2019' are selected in object 'Object Repository/EPD/UI/Page_EPD Toevoegen behandeling/select_20162017201820192020202' 

2018-03-20 20:05:50 - [MESSAGE][PASSED] - All options with value '2019' are selected in object 'Object Repository/EPD/UI/Page_EPD Toevoegen behandeling/select_20162017201820192020202' 

2018-03-20 20:05:50 - [TEST_STEP][PASSED] - selectOptionByValue: All options with value 'Opname' are selected in object 'Object Repository/EPD/UI/Page_EPD Toevoegen behandeling/select_PoliklinischOpname' 

2018-03-20 20:05:50 - [MESSAGE][PASSED] - All options with value 'Opname' are selected in object 'Object Repository/EPD/UI/Page_EPD Toevoegen behandeling/select_PoliklinischOpname' 

2018-03-20 20:05:50 - [TEST_STEP][PASSED] - setText: Text 'Dokter anders' is set on object 'Object Repository/EPD/UI/Page_EPD Toevoegen behandeling/input_treatmenttreated_by'

2018-03-20 20:05:50 - [MESSAGE][PASSED] - Text 'Dokter anders' is set on object 'Object Repository/EPD/UI/Page_EPD Toevoegen behandeling/input_treatmenttreated_by'

2018-03-20 20:05:50 - [TEST_STEP][PASSED] - setText: Text 'Knie operatie' is set on object 'Object Repository/EPD/UI/Page_EPD Toevoegen behandeling/input_treatmentname'

2018-03-20 20:05:50 - [MESSAGE][PASSED] - Text 'Knie operatie' is set on object 'Object Repository/EPD/UI/Page_EPD Toevoegen behandeling/input_treatmentname'

2018-03-20 20:05:50 - [TEST_STEP][PASSED] - selectOptionByValue: All options with value 'Chirurgie' are selected in object 'Object Repository/EPD/UI/Page_EPD Toevoegen behandeling/select_RadiologieChirurgieCard' 

2018-03-20 20:05:50 - [MESSAGE][PASSED] - All options with value 'Chirurgie' are selected in object 'Object Repository/EPD/UI/Page_EPD Toevoegen behandeling/select_RadiologieChirurgieCard' 

2018-03-20 20:05:50 - [TEST_STEP][PASSED] - selectOptionByValue: All options with value 'Normaal' are selected in object 'Object Repository/EPD/UI/Page_EPD Toevoegen behandeling/select_LaagNormaalSpoed' 

2018-03-20 20:05:50 - [MESSAGE][PASSED] - All options with value 'Normaal' are selected in object 'Object Repository/EPD/UI/Page_EPD Toevoegen behandeling/select_LaagNormaalSpoed' 

2018-03-20 20:05:50 - [MESSAGE][PASSED] - Call Test Case 'Test Cases/EPD/Components/UI/VoegBehandelingToe' successfully

2018-03-20 20:05:50 - [TEST_STEP][PASSED] - click: Object: 'Object Repository/EPD/UI/Page_EPD Toevoegen behandeling/input_commit' is clicked on

2018-03-20 20:05:51 - [MESSAGE][PASSED] - Object: 'Object Repository/EPD/UI/Page_EPD Toevoegen behandeling/input_commit' is clicked on

2018-03-20 20:05:51 - [TEST_STEP][PASSED] - verifyElementPresent: Object 'Object Repository/EPD/UI/Page_EPD_Patient details/div_Behandeling is successvol' is present

2018-03-20 20:05:51 - [MESSAGE][WARNING] - Timeout '0' is invalid. Using default page load timeout: '30'

2018-03-20 20:05:51 - [MESSAGE][PASSED] - Object 'Object Repository/EPD/UI/Page_EPD_Patient details/div_Behandeling is successvol' is present

2018-03-20 20:05:51 - [TEST_STEP][PASSED] - click: Object: 'Object Repository/EPD/UI/Page_EPD_Patient details/a_Verwijderen' is clicked on

2018-03-20 20:05:51 - [MESSAGE][PASSED] - Object: 'Object Repository/EPD/UI/Page_EPD_Patient details/a_Verwijderen' is clicked on

2018-03-20 20:05:51 - [TEST_STEP][PASSED] - acceptAlert: Alert accepted

2018-03-20 20:05:51 - [MESSAGE][PASSED] - Alert accepted

2018-03-20 20:05:51 - [TEST_STEP][PASSED] - verifyElementPresent: Object 'Object Repository/EPD/UI/Page_EPD_Patient details/div_Patient is succesvol verwi' is present

2018-03-20 20:05:51 - [MESSAGE][WARNING] - Timeout '0' is invalid. Using default page load timeout: '30'

2018-03-20 20:05:52 - [MESSAGE][PASSED] - Object 'Object Repository/EPD/UI/Page_EPD_Patient details/div_Patient is succesvol verwi' is present

2018-03-20 20:05:52 - [TEST_STEP][PASSED] - callTestCase: Call Test Case 'Test Cases/EPD/Components/UI/CloseBrowser' successfully

2018-03-20 20:05:52 - [TEST_CASE][PASSED] - Test Cases/EPD/Components/UI/CloseBrowser: Test Cases/EPD/Components/UI/CloseBrowser

2018-03-20 20:05:52 - [TEST_STEP][PASSED] - closeBrowser: Browser is closed

2018-03-20 20:05:53 - [MESSAGE][PASSED] - Browser is closed

2018-03-20 20:05:53 - [MESSAGE][PASSED] - Call Test Case 'Test Cases/EPD/Components/UI/CloseBrowser' successfully]]></system-out>
         <system-err><![CDATA[]]></system-err>
      </testcase>
      <testcase name="Test Cases/EPD/Test Cases/TC_MaakPatientAan_ControleerPatient_VoegBehandelingToe_VerwijderPatient" classname="Test Cases/EPD/Test Cases/TC_MaakPatientAan_ControleerPatient_VoegBehandelingToe_VerwijderPatient" status="PASSED">
         <system-out><![CDATA[2018-03-20 20:05:53 - [TEST_CASE][PASSED] - Test Cases/EPD/Test Cases/TC_MaakPatientAan_ControleerPatient_VoegBehandelingToe_VerwijderPatient: Test Cases/EPD/Test Cases/TC_MaakPatientAan_ControleerPatient_VoegBehandelingToe_VerwijderPatient

2018-03-20 20:05:53 - [TEST_STEP][PASSED] - callTestCase: Call Test Case 'Test Cases/EPD/Components/UI/StartBrowser' successfully

2018-03-20 20:05:53 - [TEST_CASE][PASSED] - Test Cases/EPD/Components/UI/StartBrowser: Test Cases/EPD/Components/UI/StartBrowser

2018-03-20 20:05:53 - [TEST_STEP][PASSED] - openBrowser: Browser is opened with url: 'https://epdonline.herokuapp.com/'

2018-03-20 20:05:57 - [MESSAGE][PASSED] - Browser is opened with url: 'https://epdonline.herokuapp.com/'

2018-03-20 20:05:57 - [MESSAGE][PASSED] - Call Test Case 'Test Cases/EPD/Components/UI/StartBrowser' successfully

2018-03-20 20:05:57 - [TEST_STEP][PASSED] - click: Object: 'Object Repository/EPD/UI/Page_EPD online/a_Open EPD' is clicked on

2018-03-20 20:05:57 - [MESSAGE][PASSED] - Object: 'Object Repository/EPD/UI/Page_EPD online/a_Open EPD' is clicked on

2018-03-20 20:05:57 - [TEST_STEP][PASSED] - click: Object: 'Object Repository/EPD/UI/Page_EPD online/a_Overzicht patienten' is clicked on

2018-03-20 20:05:58 - [MESSAGE][PASSED] - Object: 'Object Repository/EPD/UI/Page_EPD online/a_Overzicht patienten' is clicked on

2018-03-20 20:05:58 - [TEST_STEP][PASSED] - click: Object: 'Object Repository/EPD/UI/Page_EPD online/a_Patient toevoegen' is clicked on

2018-03-20 20:05:59 - [MESSAGE][PASSED] - Object: 'Object Repository/EPD/UI/Page_EPD online/a_Patient toevoegen' is clicked on

2018-03-20 20:05:59 - [TEST_STEP][PASSED] - callTestCase: Call Test Case 'Test Cases/EPD/Components/UI/VoegPatientToe' successfully

2018-03-20 20:05:59 - [TEST_CASE][PASSED] - Test Cases/EPD/Components/UI/VoegPatientToe: Test Cases/EPD/Components/UI/VoegPatientToe

2018-03-20 20:05:59 - [TEST_STEP][PASSED] - setText: Text 'test' is set on object 'Object Repository/EPD/UI/Page_EPD Toevoegen patient/input_patientfirst_name'

2018-03-20 20:05:59 - [MESSAGE][PASSED] - Text 'test' is set on object 'Object Repository/EPD/UI/Page_EPD Toevoegen patient/input_patientfirst_name'

2018-03-20 20:05:59 - [TEST_STEP][PASSED] - setText: Text 'de Tester' is set on object 'Object Repository/EPD/UI/Page_EPD Toevoegen patient/input_patientlast_name'

2018-03-20 20:05:59 - [MESSAGE][PASSED] - Text 'de Tester' is set on object 'Object Repository/EPD/UI/Page_EPD Toevoegen patient/input_patientlast_name'

2018-03-20 20:05:59 - [TEST_STEP][PASSED] - setText: Text '123456' is set on object 'Object Repository/EPD/UI/Page_EPD Toevoegen patient/input_patientbsn'

2018-03-20 20:05:59 - [MESSAGE][PASSED] - Text '123456' is set on object 'Object Repository/EPD/UI/Page_EPD Toevoegen patient/input_patientbsn'

2018-03-20 20:05:59 - [TEST_STEP][PASSED] - selectOptionByValue: All options with value '18' are selected in object 'Object Repository/EPD/UI/Page_EPD Toevoegen patient/select_12345678910111213141516' 

2018-03-20 20:05:59 - [MESSAGE][PASSED] - All options with value '18' are selected in object 'Object Repository/EPD/UI/Page_EPD Toevoegen patient/select_12345678910111213141516' 

2018-03-20 20:05:59 - [TEST_STEP][PASSED] - selectOptionByValue: All options with value '1' are selected in object 'Object Repository/EPD/UI/Page_EPD Toevoegen patient/select_JanuaryFebruaryMarchApr' 

2018-03-20 20:06:00 - [MESSAGE][PASSED] - All options with value '1' are selected in object 'Object Repository/EPD/UI/Page_EPD Toevoegen patient/select_JanuaryFebruaryMarchApr' 

2018-03-20 20:06:00 - [TEST_STEP][PASSED] - selectOptionByValue: All options with value '1990' are selected in object 'Object Repository/EPD/UI/Page_EPD Toevoegen patient/select_19501951195219531954195' 

2018-03-20 20:06:00 - [MESSAGE][PASSED] - All options with value '1990' are selected in object 'Object Repository/EPD/UI/Page_EPD Toevoegen patient/select_19501951195219531954195' 

2018-03-20 20:06:00 - [TEST_STEP][PASSED] - selectOptionByValue: All options with value 'Vrouw' are selected in object 'Object Repository/EPD/UI/Page_EPD Toevoegen patient/select_ManVrouw' 

2018-03-20 20:06:00 - [MESSAGE][PASSED] - All options with value 'Vrouw' are selected in object 'Object Repository/EPD/UI/Page_EPD Toevoegen patient/select_ManVrouw' 

2018-03-20 20:06:00 - [TEST_STEP][PASSED] - setText: Text 'Rotterdamseweg' is set on object 'Object Repository/EPD/UI/Page_EPD Toevoegen patient/input_patientstreet'

2018-03-20 20:06:00 - [MESSAGE][PASSED] - Text 'Rotterdamseweg' is set on object 'Object Repository/EPD/UI/Page_EPD Toevoegen patient/input_patientstreet'

2018-03-20 20:06:00 - [TEST_STEP][PASSED] - setText: Text '3020BC' is set on object 'Object Repository/EPD/UI/Page_EPD Toevoegen patient/input_patientzipcode'

2018-03-20 20:06:00 - [MESSAGE][PASSED] - Text '3020BC' is set on object 'Object Repository/EPD/UI/Page_EPD Toevoegen patient/input_patientzipcode'

2018-03-20 20:06:00 - [TEST_STEP][PASSED] - setText: Text 'Rotterdam' is set on object 'Object Repository/EPD/UI/Page_EPD Toevoegen patient/input_patientcity'

2018-03-20 20:06:00 - [MESSAGE][PASSED] - Text 'Rotterdam' is set on object 'Object Repository/EPD/UI/Page_EPD Toevoegen patient/input_patientcity'

2018-03-20 20:06:00 - [TEST_STEP][PASSED] - setText: Text '107654321' is set on object 'Object Repository/EPD/UI/Page_EPD Toevoegen patient/input_patientphone'

2018-03-20 20:06:01 - [MESSAGE][PASSED] - Text '107654321' is set on object 'Object Repository/EPD/UI/Page_EPD Toevoegen patient/input_patientphone'

2018-03-20 20:06:01 - [TEST_STEP][PASSED] - setText: Text 'detester@test.com' is set on object 'Object Repository/EPD/UI/Page_EPD Toevoegen patient/input_patientemail'

2018-03-20 20:06:01 - [MESSAGE][PASSED] - Text 'detester@test.com' is set on object 'Object Repository/EPD/UI/Page_EPD Toevoegen patient/input_patientemail'

2018-03-20 20:06:01 - [TEST_STEP][PASSED] - setText: Text 'NN' is set on object 'Object Repository/EPD/UI/Page_EPD Toevoegen patient/input_patientinsurance_company'

2018-03-20 20:06:01 - [MESSAGE][PASSED] - Text 'NN' is set on object 'Object Repository/EPD/UI/Page_EPD Toevoegen patient/input_patientinsurance_company'

2018-03-20 20:06:01 - [TEST_STEP][PASSED] - setText: Text '987654321' is set on object 'Object Repository/EPD/UI/Page_EPD Toevoegen patient/input_patientinsurance_number'

2018-03-20 20:06:01 - [MESSAGE][PASSED] - Text '987654321' is set on object 'Object Repository/EPD/UI/Page_EPD Toevoegen patient/input_patientinsurance_number'

2018-03-20 20:06:01 - [MESSAGE][PASSED] - Call Test Case 'Test Cases/EPD/Components/UI/VoegPatientToe' successfully

2018-03-20 20:06:01 - [TEST_STEP][PASSED] - click: Object: 'Object Repository/EPD/UI/Page_EPD Toevoegen patient/input_commit' is clicked on

2018-03-20 20:06:02 - [MESSAGE][PASSED] - Object: 'Object Repository/EPD/UI/Page_EPD Toevoegen patient/input_commit' is clicked on

2018-03-20 20:06:02 - [TEST_STEP][PASSED] - verifyElementPresent: Object 'Object Repository/EPD/UI/Page_EPD_Patient details/div_Patient is succesvol aange' is present

2018-03-20 20:06:02 - [MESSAGE][WARNING] - Timeout '0' is invalid. Using default page load timeout: '30'

2018-03-20 20:06:02 - [MESSAGE][PASSED] - Object 'Object Repository/EPD/UI/Page_EPD_Patient details/div_Patient is succesvol aange' is present

2018-03-20 20:06:02 - [TEST_STEP][PASSED] - click: Object: 'Object Repository/EPD/UI/Page_EPD_Patient details/a_Behandeling toevoegen' is clicked on

2018-03-20 20:06:02 - [MESSAGE][PASSED] - Object: 'Object Repository/EPD/UI/Page_EPD_Patient details/a_Behandeling toevoegen' is clicked on

2018-03-20 20:06:02 - [TEST_STEP][PASSED] - callTestCase: Call Test Case 'Test Cases/EPD/Components/UI/VoegBehandelingToe' successfully

2018-03-20 20:06:02 - [TEST_CASE][PASSED] - Test Cases/EPD/Components/UI/VoegBehandelingToe: Test Cases/EPD/Components/UI/VoegBehandelingToe

2018-03-20 20:06:02 - [TEST_STEP][PASSED] - selectOptionByValue: All options with value '10' are selected in object 'Object Repository/EPD/UI/Page_EPD Toevoegen behandeling/select_12345678910111213141516' 

2018-03-20 20:06:03 - [MESSAGE][PASSED] - All options with value '10' are selected in object 'Object Repository/EPD/UI/Page_EPD Toevoegen behandeling/select_12345678910111213141516' 

2018-03-20 20:06:03 - [TEST_STEP][PASSED] - selectOptionByValue: All options with value '2' are selected in object 'Object Repository/EPD/UI/Page_EPD Toevoegen behandeling/select_JanuaryFebruaryMarchApr' 

2018-03-20 20:06:03 - [MESSAGE][PASSED] - All options with value '2' are selected in object 'Object Repository/EPD/UI/Page_EPD Toevoegen behandeling/select_JanuaryFebruaryMarchApr' 

2018-03-20 20:06:03 - [TEST_STEP][PASSED] - selectOptionByValue: All options with value '2019' are selected in object 'Object Repository/EPD/UI/Page_EPD Toevoegen behandeling/select_20162017201820192020202' 

2018-03-20 20:06:03 - [MESSAGE][PASSED] - All options with value '2019' are selected in object 'Object Repository/EPD/UI/Page_EPD Toevoegen behandeling/select_20162017201820192020202' 

2018-03-20 20:06:03 - [TEST_STEP][PASSED] - selectOptionByValue: All options with value 'Opname' are selected in object 'Object Repository/EPD/UI/Page_EPD Toevoegen behandeling/select_PoliklinischOpname' 

2018-03-20 20:06:03 - [MESSAGE][PASSED] - All options with value 'Opname' are selected in object 'Object Repository/EPD/UI/Page_EPD Toevoegen behandeling/select_PoliklinischOpname' 

2018-03-20 20:06:03 - [TEST_STEP][PASSED] - setText: Text 'Dokter anders' is set on object 'Object Repository/EPD/UI/Page_EPD Toevoegen behandeling/input_treatmenttreated_by'

2018-03-20 20:06:03 - [MESSAGE][PASSED] - Text 'Dokter anders' is set on object 'Object Repository/EPD/UI/Page_EPD Toevoegen behandeling/input_treatmenttreated_by'

2018-03-20 20:06:03 - [TEST_STEP][PASSED] - setText: Text 'Knie operatie' is set on object 'Object Repository/EPD/UI/Page_EPD Toevoegen behandeling/input_treatmentname'

2018-03-20 20:06:04 - [MESSAGE][PASSED] - Text 'Knie operatie' is set on object 'Object Repository/EPD/UI/Page_EPD Toevoegen behandeling/input_treatmentname'

2018-03-20 20:06:04 - [TEST_STEP][PASSED] - selectOptionByValue: All options with value 'Chirurgie' are selected in object 'Object Repository/EPD/UI/Page_EPD Toevoegen behandeling/select_RadiologieChirurgieCard' 

2018-03-20 20:06:04 - [MESSAGE][PASSED] - All options with value 'Chirurgie' are selected in object 'Object Repository/EPD/UI/Page_EPD Toevoegen behandeling/select_RadiologieChirurgieCard' 

2018-03-20 20:06:04 - [TEST_STEP][PASSED] - selectOptionByValue: All options with value 'Normaal' are selected in object 'Object Repository/EPD/UI/Page_EPD Toevoegen behandeling/select_LaagNormaalSpoed' 

2018-03-20 20:06:04 - [MESSAGE][PASSED] - All options with value 'Normaal' are selected in object 'Object Repository/EPD/UI/Page_EPD Toevoegen behandeling/select_LaagNormaalSpoed' 

2018-03-20 20:06:04 - [MESSAGE][PASSED] - Call Test Case 'Test Cases/EPD/Components/UI/VoegBehandelingToe' successfully

2018-03-20 20:06:04 - [TEST_STEP][PASSED] - click: Object: 'Object Repository/EPD/UI/Page_EPD Toevoegen behandeling/input_commit' is clicked on

2018-03-20 20:06:05 - [MESSAGE][PASSED] - Object: 'Object Repository/EPD/UI/Page_EPD Toevoegen behandeling/input_commit' is clicked on

2018-03-20 20:06:05 - [TEST_STEP][PASSED] - verifyElementPresent: Object 'Object Repository/EPD/UI/Page_EPD_Patient details/div_Behandeling is successvol' is present

2018-03-20 20:06:05 - [MESSAGE][WARNING] - Timeout '0' is invalid. Using default page load timeout: '30'

2018-03-20 20:06:05 - [MESSAGE][PASSED] - Object 'Object Repository/EPD/UI/Page_EPD_Patient details/div_Behandeling is successvol' is present

2018-03-20 20:06:05 - [TEST_STEP][PASSED] - click: Object: 'Object Repository/EPD/UI/Page_EPD_Patient details/a_Verwijderen' is clicked on

2018-03-20 20:06:05 - [MESSAGE][PASSED] - Object: 'Object Repository/EPD/UI/Page_EPD_Patient details/a_Verwijderen' is clicked on

2018-03-20 20:06:05 - [TEST_STEP][PASSED] - acceptAlert: Alert accepted

2018-03-20 20:06:05 - [MESSAGE][PASSED] - Alert accepted

2018-03-20 20:06:05 - [TEST_STEP][PASSED] - verifyElementPresent: Object 'Object Repository/EPD/UI/Page_EPD_Patient details/div_Patient is succesvol verwi' is present

2018-03-20 20:06:05 - [MESSAGE][WARNING] - Timeout '0' is invalid. Using default page load timeout: '30'

2018-03-20 20:06:06 - [MESSAGE][PASSED] - Object 'Object Repository/EPD/UI/Page_EPD_Patient details/div_Patient is succesvol verwi' is present

2018-03-20 20:06:06 - [TEST_STEP][PASSED] - callTestCase: Call Test Case 'Test Cases/EPD/Components/UI/CloseBrowser' successfully

2018-03-20 20:06:06 - [TEST_CASE][PASSED] - Test Cases/EPD/Components/UI/CloseBrowser: Test Cases/EPD/Components/UI/CloseBrowser

2018-03-20 20:06:06 - [TEST_STEP][PASSED] - closeBrowser: Browser is closed

2018-03-20 20:06:06 - [MESSAGE][PASSED] - Browser is closed

2018-03-20 20:06:06 - [MESSAGE][PASSED] - Call Test Case 'Test Cases/EPD/Components/UI/CloseBrowser' successfully]]></system-out>
         <system-err><![CDATA[]]></system-err>
      </testcase>
      <system-out><![CDATA[2018-03-20 20:05:38 - [TEST_SUITE][PASSED] - TS_DemoEPD: Test Cases/EPD/Test Cases/TC_MaakPatientAan_ControleerPatient_VoegBehandelingToe_VerwijderPatient]]></system-out>
      <system-err><![CDATA[]]></system-err>
   </testsuite>
</testsuites>
