<?xml version="1.0" encoding="UTF-8"?>
<testsuites name="TS_DemoEPD" time="41" tests="0" failures="1" errors="0">
   <testsuite name="TS_DemoEPD" tests="0" failures="1" errors="0" time="41" timestamp="2018-03-15 21:28:53" hostname="mslin - menLap" id="Test Suites/TS_DemoEPD">
      <properties>
         <property name="deviceName" value=""/>
         <property name="devicePlatform" value=""/>
         <property name="logFolder" value="C:\\Users\\mslin\\katalonstudio\\sampleWeb\\Reports\\TS_DemoEPD\\20180315_212848"/>
         <property name="logFiles" value="C:\\Users\\mslin\\katalonstudio\\sampleWeb\\Reports\\TS_DemoEPD\\20180315_212848\\execution0.log"/>
         <property name="attachments" value="C:\\Users\\mslin\\katalonstudio\\sampleWeb\\Reports\\TS_DemoEPD\\20180315_212848\\1521145773256.png, C:\\Users\\mslin\\katalonstudio\\sampleWeb\\Reports\\TS_DemoEPD\\20180315_212848\\1521145773552.png"/>
         <property name="hostName" value="mslin - menLap"/>
         <property name="os" value="Windows 10 64bit"/>
         <property name="katalonVersion" value="5.3.0.1"/>
         <property name="browser" value="Chrome 65.0.3325.162"/>
         <property name="hostAddress" value="192.168.99.1"/>
         <property name="sessionId" value="ef076e0c4d6c4b6be4a720d4546cd3dc"/>
         <property name="seleniumVersion" value="3.7.1"/>
         <property name="proxyInformation" value="ProxyInformation{proxyOption=NO_PROXY, proxyServerType=HTTP, password=, proxyServerAddress=, proxyServerPort=0}"/>
         <property name="platform" value="Windows 10"/>
      </properties>
      <testcase name="Test Cases/EPD/Test Cases/TC_MaakPatientAan_ControleerPatient_VoegBehandelingToe_VerwijderPatient" classname="Test Cases/EPD/Test Cases/TC_MaakPatientAan_ControleerPatient_VoegBehandelingToe_VerwijderPatient" status="FAILED">
         <failure type="FAILED" message="Unable to verify object 'Object Repository/Page_EPD online (1)/td_Knie operatie' is present (Root cause: com.kms.katalon.core.webui.exception.WebElementNotFoundException: Web element with id: 'Object Repository/Page_EPD online (1)/td_Knie operatie' located by 'By.xpath: //td[(text() = 'Knie operatie' or . = 'Knie operatie')]' not found)"/>
         <system-out><![CDATA[2018-03-15 21:28:53 - [TEST_CASE][FAILED] - Test Cases/EPD/Test Cases/TC_MaakPatientAan_ControleerPatient_VoegBehandelingToe_VerwijderPatient: Test Cases/EPD/Test Cases/TC_MaakPatientAan_ControleerPatient_VoegBehandelingToe_VerwijderPatient FAILED because (of) Unable to verify object 'Object Repository/Page_EPD online (1)/td_Knie operatie' is present (Root cause: com.kms.katalon.core.webui.exception.WebElementNotFoundException: Web element with id: 'Object Repository/Page_EPD online (1)/td_Knie operatie' located by 'By.xpath: //td[(text() = 'Knie operatie' or . = 'Knie operatie')]' not found)

2018-03-15 21:28:53 - [TEST_STEP][PASSED] - callTestCase: Call Test Case 'Test Cases/EPD/Components/Rest/MaakPatientAanVoorZiekenhuisA' successfully

2018-03-15 21:28:53 - [TEST_CASE][PASSED] - Test Cases/EPD/Components/Rest/MaakPatientAanVoorZiekenhuisA: Test Cases/EPD/Components/Rest/MaakPatientAanVoorZiekenhuisA

2018-03-15 21:28:54 - [TEST_STEP][PASSED] - Statement - response = com.kms.katalon.core.webservice.keyword.WSBuiltInKeywords.sendRequest(com.kms.katalon.core.testobject.ObjectRepository.findTestObject(Rest_EPD/REST_postPatientDeTesterForHospitalA)): Send request successfully

2018-03-15 21:28:55 - [MESSAGE][PASSED] - Send request successfully

2018-03-15 21:28:55 - [TEST_STEP][PASSED] - Statement - println(response): null

2018-03-15 21:28:55 - [MESSAGE][PASSED] - Call Test Case 'Test Cases/EPD/Components/Rest/MaakPatientAanVoorZiekenhuisA' successfully

2018-03-15 21:28:55 - [TEST_STEP][PASSED] - callTestCase: Call Test Case 'Test Cases/EPD/Components/UI/StartBrowser' successfully

2018-03-15 21:28:55 - [TEST_CASE][PASSED] - Test Cases/EPD/Components/UI/StartBrowser: Test Cases/EPD/Components/UI/StartBrowser

2018-03-15 21:28:55 - [TEST_STEP][PASSED] - openBrowser: Browser is opened with url: 'https://epdonline.herokuapp.com/'

2018-03-15 21:28:58 - [MESSAGE][PASSED] - Browser is opened with url: 'https://epdonline.herokuapp.com/'

2018-03-15 21:28:58 - [MESSAGE][PASSED] - Call Test Case 'Test Cases/EPD/Components/UI/StartBrowser' successfully

2018-03-15 21:28:58 - [TEST_STEP][PASSED] - click: Object: 'Object Repository/Page_EPD online/a_Open EPD' is clicked on

2018-03-15 21:28:58 - [MESSAGE][PASSED] - Object: 'Object Repository/Page_EPD online/a_Open EPD' is clicked on

2018-03-15 21:28:58 - [TEST_STEP][PASSED] - click: Object: 'Object Repository/Page_EPD online/a_Overzicht patienten' is clicked on

2018-03-15 21:28:59 - [MESSAGE][PASSED] - Object: 'Object Repository/Page_EPD online/a_Overzicht patienten' is clicked on

2018-03-15 21:28:59 - [TEST_STEP][PASSED] - callTestCase: Call Test Case 'Test Cases/EPD/Components/UI/VerifieerPatient' successfully

2018-03-15 21:28:59 - [TEST_CASE][PASSED] - Test Cases/EPD/Components/UI/VerifieerPatient: Test Cases/EPD/Components/UI/VerifieerPatient

2018-03-15 21:28:59 - [TEST_STEP][PASSED] - verifyTextPresent: Text 'de Tester' is present on page 

2018-03-15 21:28:59 - [MESSAGE][PASSED] - Text 'de Tester' is present on page 

2018-03-15 21:28:59 - [MESSAGE][PASSED] - Call Test Case 'Test Cases/EPD/Components/UI/VerifieerPatient' successfully

2018-03-15 21:28:59 - [TEST_STEP][PASSED] - click: Object: 'Object Repository/Page_EPD online (1)/a_Details' is clicked on

2018-03-15 21:28:59 - [MESSAGE][PASSED] - Object: 'Object Repository/Page_EPD online (1)/a_Details' is clicked on

2018-03-15 21:28:59 - [TEST_STEP][PASSED] - click: Object: 'Object Repository/Page_EPD online (1)/a_Behandeling toevoegen' is clicked on

2018-03-15 21:29:00 - [MESSAGE][PASSED] - Object: 'Object Repository/Page_EPD online (1)/a_Behandeling toevoegen' is clicked on

2018-03-15 21:29:00 - [TEST_STEP][PASSED] - callTestCase: Call Test Case 'Test Cases/EPD/Components/UI/VoegBehandelingToe' successfully

2018-03-15 21:29:00 - [TEST_CASE][PASSED] - Test Cases/EPD/Components/UI/VoegBehandelingToe: Test Cases/EPD/Components/UI/VoegBehandelingToe

2018-03-15 21:29:00 - [TEST_STEP][PASSED] - selectOptionByValue: All options with value '18' are selected in object 'Object Repository/Page_EPD online (1)/select_12345678910111213141516'  using regular expression

2018-03-15 21:29:01 - [MESSAGE][PASSED] - All options with value '18' are selected in object 'Object Repository/Page_EPD online (1)/select_12345678910111213141516'  using regular expression

2018-03-15 21:29:01 - [TEST_STEP][PASSED] - selectOptionByValue: All options with value '4' are selected in object 'Object Repository/Page_EPD online (1)/select_JanuaryFebruaryMarchApr'  using regular expression

2018-03-15 21:29:01 - [MESSAGE][PASSED] - All options with value '4' are selected in object 'Object Repository/Page_EPD online (1)/select_JanuaryFebruaryMarchApr'  using regular expression

2018-03-15 21:29:01 - [TEST_STEP][PASSED] - selectOptionByValue: All options with value '2019' are selected in object 'Object Repository/Page_EPD online (1)/select_20162017201820192020202'  using regular expression

2018-03-15 21:29:01 - [MESSAGE][PASSED] - All options with value '2019' are selected in object 'Object Repository/Page_EPD online (1)/select_20162017201820192020202'  using regular expression

2018-03-15 21:29:01 - [TEST_STEP][PASSED] - selectOptionByValue: All options with value 'Poliklinisch' are selected in object 'Object Repository/Page_EPD online (1)/select_PoliklinischOpname'  using regular expression

2018-03-15 21:29:01 - [MESSAGE][PASSED] - All options with value 'Poliklinisch' are selected in object 'Object Repository/Page_EPD online (1)/select_PoliklinischOpname'  using regular expression

2018-03-15 21:29:01 - [TEST_STEP][PASSED] - setText: Text 'Dokter anders' is set on object 'Object Repository/Page_EPD online (1)/input_treatmenttreated_by'

2018-03-15 21:29:01 - [MESSAGE][PASSED] - Text 'Dokter anders' is set on object 'Object Repository/Page_EPD online (1)/input_treatmenttreated_by'

2018-03-15 21:29:01 - [TEST_STEP][PASSED] - setText: Text 'Pijn aan voet' is set on object 'Object Repository/Page_EPD online (1)/input_treatmentname'

2018-03-15 21:29:01 - [MESSAGE][PASSED] - Text 'Pijn aan voet' is set on object 'Object Repository/Page_EPD online (1)/input_treatmentname'

2018-03-15 21:29:01 - [TEST_STEP][PASSED] - selectOptionByValue: All options with value 'Chirurgie' are selected in object 'Object Repository/Page_EPD online (1)/select_RadiologieChirurgieCard'  using regular expression

2018-03-15 21:29:02 - [MESSAGE][PASSED] - All options with value 'Chirurgie' are selected in object 'Object Repository/Page_EPD online (1)/select_RadiologieChirurgieCard'  using regular expression

2018-03-15 21:29:02 - [TEST_STEP][PASSED] - selectOptionByValue: All options with value 'Normaal' are selected in object 'Object Repository/Page_EPD online (1)/select_LaagNormaalSpoed'  using regular expression

2018-03-15 21:29:02 - [MESSAGE][PASSED] - All options with value 'Normaal' are selected in object 'Object Repository/Page_EPD online (1)/select_LaagNormaalSpoed'  using regular expression

2018-03-15 21:29:02 - [MESSAGE][PASSED] - Call Test Case 'Test Cases/EPD/Components/UI/VoegBehandelingToe' successfully

2018-03-15 21:29:02 - [TEST_STEP][PASSED] - click: Object: 'Object Repository/Page_EPD online (1)/input_commit' is clicked on

2018-03-15 21:29:02 - [MESSAGE][PASSED] - Object: 'Object Repository/Page_EPD online (1)/input_commit' is clicked on

2018-03-15 21:29:02 - [TEST_STEP][FAILED] - verifyElementPresent: Unable to verify object 'Object Repository/Page_EPD online (1)/td_Knie operatie' is present (Root cause: com.kms.katalon.core.webui.exception.WebElementNotFoundException: Web element with id: 'Object Repository/Page_EPD online (1)/td_Knie operatie' located by 'By.xpath: //td[(text() = 'Knie operatie' or . = 'Knie operatie')]' not found)

2018-03-15 21:29:02 - [MESSAGE][WARNING] - Timeout '0' is invalid. Using default page load timeout: '30'

2018-03-15 21:29:33 - [MESSAGE][FAILED] - com.kms.katalon.core.webui.exception.WebElementNotFoundException: Web element with id: 'Object Repository/Page_EPD online (1)/td_Knie operatie' located by 'By.xpath: //td[(text() = 'Knie operatie' or . = 'Knie operatie')]' not found
[[ATTACHMENT|C:\\Users\\mslin\\katalonstudio\\sampleWeb\\Reports\\TS_DemoEPD\\20180315_212848\\1521145773256.png]]

2018-03-15 21:29:33 - [MESSAGE][FAILED] - Unable to verify object 'Object Repository/Page_EPD online (1)/td_Knie operatie' is present (Root cause: com.kms.katalon.core.webui.exception.WebElementNotFoundException: Web element with id: 'Object Repository/Page_EPD online (1)/td_Knie operatie' located by 'By.xpath: //td[(text() = 'Knie operatie' or . = 'Knie operatie')]' not found)
[[ATTACHMENT|C:\\Users\\mslin\\katalonstudio\\sampleWeb\\Reports\\TS_DemoEPD\\20180315_212848\\1521145773552.png]]]]></system-out>
         <system-err><![CDATA[2018-03-15 21:28:53 - [TEST_CASE][FAILED] - Test Cases/EPD/Test Cases/TC_MaakPatientAan_ControleerPatient_VoegBehandelingToe_VerwijderPatient: Test Cases/EPD/Test Cases/TC_MaakPatientAan_ControleerPatient_VoegBehandelingToe_VerwijderPatient FAILED because (of) Unable to verify object 'Object Repository/Page_EPD online (1)/td_Knie operatie' is present (Root cause: com.kms.katalon.core.webui.exception.WebElementNotFoundException: Web element with id: 'Object Repository/Page_EPD online (1)/td_Knie operatie' located by 'By.xpath: //td[(text() = 'Knie operatie' or . = 'Knie operatie')]' not found)]]></system-err>
      </testcase>
      <system-out><![CDATA[2018-03-15 21:28:53 - [TEST_SUITE][FAILED] - TS_DemoEPD: Test Cases/EPD/Test Cases/TC_MaakPatientAan_ControleerPatient_VoegBehandelingToe_VerwijderPatient FAILED because (of) Unable to verify object 'Object Repository/Page_EPD online (1)/td_Knie operatie' is present (Root cause: com.kms.katalon.core.webui.exception.WebElementNotFoundException: Web element with id: 'Object Repository/Page_EPD online (1)/td_Knie operatie' located by 'By.xpath: //td[(text() = 'Knie operatie' or . = 'Knie operatie')]' not found)]]></system-out>
      <system-err><![CDATA[2018-03-15 21:28:53 - [TEST_SUITE][FAILED] - TS_DemoEPD: Test Cases/EPD/Test Cases/TC_MaakPatientAan_ControleerPatient_VoegBehandelingToe_VerwijderPatient FAILED because (of) Unable to verify object 'Object Repository/Page_EPD online (1)/td_Knie operatie' is present (Root cause: com.kms.katalon.core.webui.exception.WebElementNotFoundException: Web element with id: 'Object Repository/Page_EPD online (1)/td_Knie operatie' located by 'By.xpath: //td[(text() = 'Knie operatie' or . = 'Knie operatie')]' not found)]]></system-err>
   </testsuite>
</testsuites>
