<?xml version="1.0" encoding="UTF-8"?>
<testsuites name="demoEPD" time="8" tests="1" failures="0" errors="0">
   <testsuite name="demoEPD" tests="1" failures="0" errors="0" time="8" timestamp="2018-03-13 21:04:55" hostname="mslin - menLap" id="Test Suites/demoEPD">
      <properties>
         <property name="deviceName" value=""/>
         <property name="devicePlatform" value=""/>
         <property name="logFolder" value="C:\\Users\\mslin\\katalonstudio\\sampleWeb\\Reports\\demoEPD\\20180313_210448"/>
         <property name="logFiles" value="C:\\Users\\mslin\\katalonstudio\\sampleWeb\\Reports\\demoEPD\\20180313_210448\\execution0.log"/>
         <property name="attachments" value=""/>
         <property name="hostName" value="mslin - menLap"/>
         <property name="os" value="Windows 10 64bit"/>
         <property name="katalonVersion" value="5.3.0.1"/>
         <property name="browser" value="Chrome 65.0.3325.146"/>
         <property name="hostAddress" value="192.168.99.1"/>
         <property name="sessionId" value="88b56e023e7d1980a7d8c822927ebbe7"/>
         <property name="seleniumVersion" value="3.7.1"/>
         <property name="proxyInformation" value="ProxyInformation{proxyOption=NO_PROXY, proxyServerType=HTTP, password=, proxyServerAddress=, proxyServerPort=0}"/>
         <property name="platform" value="Windows 10"/>
      </properties>
      <testcase name="Test Cases/EPD/Test Cases/TC_MaakPatientAanEnControleerAangemaaktePatient" classname="Test Cases/EPD/Test Cases/TC_MaakPatientAanEnControleerAangemaaktePatient" status="PASSED">
         <system-out><![CDATA[2018-03-13 21:04:55 - [TEST_CASE][PASSED] - Test Cases/EPD/Test Cases/TC_MaakPatientAanEnControleerAangemaaktePatient: Test Cases/EPD/Test Cases/TC_MaakPatientAanEnControleerAangemaaktePatient

2018-03-13 21:04:55 - [TEST_STEP][PASSED] - callTestCase: Call Test Case 'Test Cases/EPD/Components/Rest/MaakPatientAanVoorZiekenhuisA' successfully

2018-03-13 21:04:56 - [TEST_CASE][PASSED] - Test Cases/EPD/Components/Rest/MaakPatientAanVoorZiekenhuisA: Test Cases/EPD/Components/Rest/MaakPatientAanVoorZiekenhuisA

2018-03-13 21:04:56 - [TEST_STEP][PASSED] - Statement - response = com.kms.katalon.core.webservice.keyword.WSBuiltInKeywords.sendRequest(com.kms.katalon.core.testobject.ObjectRepository.findTestObject(REST_postPatientDeTesterForHospitalA)): Send request successfully

2018-03-13 21:04:57 - [MESSAGE][PASSED] - Send request successfully

2018-03-13 21:04:57 - [TEST_STEP][PASSED] - Statement - println(response): null

2018-03-13 21:04:57 - [MESSAGE][PASSED] - Call Test Case 'Test Cases/EPD/Components/Rest/MaakPatientAanVoorZiekenhuisA' successfully

2018-03-13 21:04:57 - [TEST_STEP][PASSED] - callTestCase: Call Test Case 'Test Cases/EPD/Components/UI/StartBrowser' successfully

2018-03-13 21:04:57 - [TEST_CASE][PASSED] - Test Cases/EPD/Components/UI/StartBrowser: Test Cases/EPD/Components/UI/StartBrowser

2018-03-13 21:04:57 - [TEST_STEP][PASSED] - openBrowser: Browser is opened with url: 'https://epdonline.herokuapp.com/'

2018-03-13 21:05:01 - [MESSAGE][PASSED] - Browser is opened with url: 'https://epdonline.herokuapp.com/'

2018-03-13 21:05:01 - [MESSAGE][PASSED] - Call Test Case 'Test Cases/EPD/Components/UI/StartBrowser' successfully

2018-03-13 21:05:01 - [TEST_STEP][PASSED] - click: Object: 'Object Repository/Page_EPD online/a_Open EPD' is clicked on

2018-03-13 21:05:01 - [MESSAGE][PASSED] - Object: 'Object Repository/Page_EPD online/a_Open EPD' is clicked on

2018-03-13 21:05:01 - [TEST_STEP][PASSED] - click: Object: 'Object Repository/Page_EPD online/a_Overzicht patienten' is clicked on

2018-03-13 21:05:02 - [MESSAGE][PASSED] - Object: 'Object Repository/Page_EPD online/a_Overzicht patienten' is clicked on

2018-03-13 21:05:02 - [TEST_STEP][PASSED] - callTestCase: Call Test Case 'Test Cases/EPD/Components/UI/VerifieerPatient' successfully

2018-03-13 21:05:02 - [TEST_CASE][PASSED] - Test Cases/EPD/Components/UI/VerifieerPatient: Test Cases/EPD/Components/UI/VerifieerPatient

2018-03-13 21:05:02 - [TEST_STEP][PASSED] - verifyTextPresent: Text 'de Tester' is present on page 

2018-03-13 21:05:02 - [MESSAGE][PASSED] - Text 'de Tester' is present on page 

2018-03-13 21:05:02 - [MESSAGE][PASSED] - Call Test Case 'Test Cases/EPD/Components/UI/VerifieerPatient' successfully

2018-03-13 21:05:02 - [TEST_STEP][PASSED] - callTestCase: Call Test Case 'Test Cases/EPD/Components/UI/CloseBrowser' successfully

2018-03-13 21:05:02 - [TEST_CASE][PASSED] - Test Cases/EPD/Components/UI/CloseBrowser: Test Cases/EPD/Components/UI/CloseBrowser

2018-03-13 21:05:02 - [TEST_STEP][PASSED] - closeBrowser: Browser is closed

2018-03-13 21:05:03 - [MESSAGE][PASSED] - Browser is closed

2018-03-13 21:05:03 - [MESSAGE][PASSED] - Call Test Case 'Test Cases/EPD/Components/UI/CloseBrowser' successfully]]></system-out>
         <system-err><![CDATA[]]></system-err>
      </testcase>
      <system-out><![CDATA[2018-03-13 21:04:55 - [TEST_SUITE][PASSED] - demoEPD: Test Cases/EPD/Test Cases/TC_MaakPatientAanEnControleerAangemaaktePatient]]></system-out>
      <system-err><![CDATA[]]></system-err>
   </testsuite>
</testsuites>
