<?xml version="1.0" encoding="UTF-8"?>
<testsuites name="TS_DemoEPD" time="58" tests="2" failures="0" errors="0">
   <testsuite name="TS_DemoEPD" tests="2" failures="0" errors="0" time="58" timestamp="2018-03-20 19:14:57" hostname="root - a6c1513ebdd5" id="Test Suites/TS_DemoEPD">
      <properties>
         <property name="deviceName" value=""/>
         <property name="devicePlatform" value=""/>
         <property name="logFolder" value="/katalon/katalon/project/Reports/TS_DemoEPD/20180320_191449"/>
         <property name="logFiles" value="/katalon/katalon/project/Reports/TS_DemoEPD/20180320_191449/execution0.log"/>
         <property name="attachments" value=""/>
         <property name="hostName" value="root - a6c1513ebdd5"/>
         <property name="os" value="Linux 64bit"/>
         <property name="katalonVersion" value="5.3.1.1"/>
         <property name="browser" value="Chrome 64.0.3282.186"/>
         <property name="hostAddress" value="172.17.0.2"/>
         <property name="sessionId" value="c657ecaf51ae7ad014a4cd7594c4aa71"/>
         <property name="seleniumVersion" value="3.7.1"/>
         <property name="proxyInformation" value="ProxyInformation{proxyOption=NO_PROXY, proxyServerType=HTTP, password=, proxyServerAddress=, proxyServerPort=0}"/>
         <property name="platform" value="Linux"/>
      </properties>
      <testcase name="Test Cases/EPD/Test Cases/TC_RestMaakPatientAan_ControleerPatient_VoegBehandelingToe_VerwijderPatient" classname="Test Cases/EPD/Test Cases/TC_RestMaakPatientAan_ControleerPatient_VoegBehandelingToe_VerwijderPatient" status="PASSED">
         <system-out><![CDATA[2018-03-20 19:14:59 - [TEST_CASE][PASSED] - Test Cases/EPD/Test Cases/TC_RestMaakPatientAan_ControleerPatient_VoegBehandelingToe_VerwijderPatient: Test Cases/EPD/Test Cases/TC_RestMaakPatientAan_ControleerPatient_VoegBehandelingToe_VerwijderPatient

2018-03-20 19:15:01 - [TEST_STEP][PASSED] - callTestCase: Call Test Case 'Test Cases/EPD/Components/Rest/MaakPatientAanVoorZiekenhuisA' successfully

2018-03-20 19:15:01 - [TEST_CASE][PASSED] - Test Cases/EPD/Components/Rest/MaakPatientAanVoorZiekenhuisA: Test Cases/EPD/Components/Rest/MaakPatientAanVoorZiekenhuisA

2018-03-20 19:15:02 - [TEST_STEP][PASSED] - Statement - response = com.kms.katalon.core.webservice.keyword.WSBuiltInKeywords.sendRequest(com.kms.katalon.core.testobject.ObjectRepository.findTestObject(EPD/Rest/REST_postPatientDeTesterForHospitalA)): Send request successfully

2018-03-20 19:15:04 - [MESSAGE][PASSED] - Send request successfully

2018-03-20 19:15:04 - [MESSAGE][PASSED] - Call Test Case 'Test Cases/EPD/Components/Rest/MaakPatientAanVoorZiekenhuisA' successfully

2018-03-20 19:15:04 - [TEST_STEP][PASSED] - callTestCase: Call Test Case 'Test Cases/EPD/Components/UI/StartBrowser' successfully

2018-03-20 19:15:04 - [TEST_CASE][PASSED] - Test Cases/EPD/Components/UI/StartBrowser: Test Cases/EPD/Components/UI/StartBrowser

2018-03-20 19:15:04 - [TEST_STEP][PASSED] - openBrowser: Browser is opened with url: 'https://epdonline.herokuapp.com/'

2018-03-20 19:15:18 - [MESSAGE][PASSED] - Browser is opened with url: 'https://epdonline.herokuapp.com/'

2018-03-20 19:15:18 - [MESSAGE][PASSED] - Call Test Case 'Test Cases/EPD/Components/UI/StartBrowser' successfully

2018-03-20 19:15:18 - [TEST_STEP][PASSED] - click: Object: 'Object Repository/EPD/UI/Page_EPD online/a_Open EPD' is clicked on

2018-03-20 19:15:19 - [MESSAGE][PASSED] - Object: 'Object Repository/EPD/UI/Page_EPD online/a_Open EPD' is clicked on

2018-03-20 19:15:19 - [TEST_STEP][PASSED] - click: Object: 'Object Repository/EPD/UI/Page_EPD online/a_Overzicht patienten' is clicked on

2018-03-20 19:15:19 - [MESSAGE][PASSED] - Object: 'Object Repository/EPD/UI/Page_EPD online/a_Overzicht patienten' is clicked on

2018-03-20 19:15:19 - [TEST_STEP][PASSED] - callTestCase: Call Test Case 'Test Cases/EPD/Components/UI/VerifieerPatient' successfully

2018-03-20 19:15:20 - [TEST_CASE][PASSED] - Test Cases/EPD/Components/UI/VerifieerPatient: Test Cases/EPD/Components/UI/VerifieerPatient

2018-03-20 19:15:20 - [TEST_STEP][PASSED] - verifyTextPresent: Text 'de Tester' is present on page 

2018-03-20 19:15:20 - [MESSAGE][PASSED] - Text 'de Tester' is present on page 

2018-03-20 19:15:20 - [MESSAGE][PASSED] - Call Test Case 'Test Cases/EPD/Components/UI/VerifieerPatient' successfully

2018-03-20 19:15:20 - [TEST_STEP][PASSED] - click: Object: 'Object Repository/EPD/UI/Page_EPD online/a_Details' is clicked on

2018-03-20 19:15:21 - [MESSAGE][PASSED] - Object: 'Object Repository/EPD/UI/Page_EPD online/a_Details' is clicked on

2018-03-20 19:15:21 - [TEST_STEP][PASSED] - click: Object: 'Object Repository/EPD/UI/Page_EPD_Patient details/a_Behandeling toevoegen' is clicked on

2018-03-20 19:15:22 - [MESSAGE][PASSED] - Object: 'Object Repository/EPD/UI/Page_EPD_Patient details/a_Behandeling toevoegen' is clicked on

2018-03-20 19:15:22 - [TEST_STEP][PASSED] - callTestCase: Call Test Case 'Test Cases/EPD/Components/UI/VoegBehandelingToe' successfully

2018-03-20 19:15:22 - [TEST_CASE][PASSED] - Test Cases/EPD/Components/UI/VoegBehandelingToe: Test Cases/EPD/Components/UI/VoegBehandelingToe

2018-03-20 19:15:22 - [TEST_STEP][PASSED] - selectOptionByValue: All options with value '18' are selected in object 'Object Repository/EPD/UI/Page_EPD Toevoegen behandeling/select_12345678910111213141516' 

2018-03-20 19:15:23 - [MESSAGE][PASSED] - All options with value '18' are selected in object 'Object Repository/EPD/UI/Page_EPD Toevoegen behandeling/select_12345678910111213141516' 

2018-03-20 19:15:23 - [TEST_STEP][PASSED] - selectOptionByValue: All options with value '4' are selected in object 'Object Repository/EPD/UI/Page_EPD Toevoegen behandeling/select_JanuaryFebruaryMarchApr' 

2018-03-20 19:15:24 - [MESSAGE][PASSED] - All options with value '4' are selected in object 'Object Repository/EPD/UI/Page_EPD Toevoegen behandeling/select_JanuaryFebruaryMarchApr' 

2018-03-20 19:15:24 - [TEST_STEP][PASSED] - selectOptionByValue: All options with value '2019' are selected in object 'Object Repository/EPD/UI/Page_EPD Toevoegen behandeling/select_20162017201820192020202' 

2018-03-20 19:15:24 - [MESSAGE][PASSED] - All options with value '2019' are selected in object 'Object Repository/EPD/UI/Page_EPD Toevoegen behandeling/select_20162017201820192020202' 

2018-03-20 19:15:24 - [TEST_STEP][PASSED] - selectOptionByValue: All options with value 'Opname' are selected in object 'Object Repository/EPD/UI/Page_EPD Toevoegen behandeling/select_PoliklinischOpname' 

2018-03-20 19:15:24 - [MESSAGE][PASSED] - All options with value 'Opname' are selected in object 'Object Repository/EPD/UI/Page_EPD Toevoegen behandeling/select_PoliklinischOpname' 

2018-03-20 19:15:24 - [TEST_STEP][PASSED] - setText: Text 'Dokter anders' is set on object 'Object Repository/EPD/UI/Page_EPD Toevoegen behandeling/input_treatmenttreated_by'

2018-03-20 19:15:25 - [MESSAGE][PASSED] - Text 'Dokter anders' is set on object 'Object Repository/EPD/UI/Page_EPD Toevoegen behandeling/input_treatmenttreated_by'

2018-03-20 19:15:25 - [TEST_STEP][PASSED] - setText: Text 'Knie operatie' is set on object 'Object Repository/EPD/UI/Page_EPD Toevoegen behandeling/input_treatmentname'

2018-03-20 19:15:26 - [MESSAGE][PASSED] - Text 'Knie operatie' is set on object 'Object Repository/EPD/UI/Page_EPD Toevoegen behandeling/input_treatmentname'

2018-03-20 19:15:26 - [TEST_STEP][PASSED] - selectOptionByValue: All options with value 'Chirurgie' are selected in object 'Object Repository/EPD/UI/Page_EPD Toevoegen behandeling/select_RadiologieChirurgieCard' 

2018-03-20 19:15:26 - [MESSAGE][PASSED] - All options with value 'Chirurgie' are selected in object 'Object Repository/EPD/UI/Page_EPD Toevoegen behandeling/select_RadiologieChirurgieCard' 

2018-03-20 19:15:26 - [TEST_STEP][PASSED] - selectOptionByValue: All options with value 'Normaal' are selected in object 'Object Repository/EPD/UI/Page_EPD Toevoegen behandeling/select_LaagNormaalSpoed' 

2018-03-20 19:15:26 - [MESSAGE][PASSED] - All options with value 'Normaal' are selected in object 'Object Repository/EPD/UI/Page_EPD Toevoegen behandeling/select_LaagNormaalSpoed' 

2018-03-20 19:15:26 - [MESSAGE][PASSED] - Call Test Case 'Test Cases/EPD/Components/UI/VoegBehandelingToe' successfully

2018-03-20 19:15:26 - [TEST_STEP][PASSED] - click: Object: 'Object Repository/EPD/UI/Page_EPD Toevoegen behandeling/input_commit' is clicked on

2018-03-20 19:15:28 - [MESSAGE][PASSED] - Object: 'Object Repository/EPD/UI/Page_EPD Toevoegen behandeling/input_commit' is clicked on

2018-03-20 19:15:28 - [TEST_STEP][PASSED] - verifyElementPresent: Object 'Object Repository/EPD/UI/Page_EPD_Patient details/div_Behandeling is successvol' is present

2018-03-20 19:15:28 - [MESSAGE][WARNING] - Timeout '0' is invalid. Using default page load timeout: '30'

2018-03-20 19:15:28 - [MESSAGE][PASSED] - Object 'Object Repository/EPD/UI/Page_EPD_Patient details/div_Behandeling is successvol' is present

2018-03-20 19:15:28 - [TEST_STEP][PASSED] - click: Object: 'Object Repository/EPD/UI/Page_EPD_Patient details/a_Verwijderen' is clicked on

2018-03-20 19:15:28 - [MESSAGE][PASSED] - Object: 'Object Repository/EPD/UI/Page_EPD_Patient details/a_Verwijderen' is clicked on

2018-03-20 19:15:28 - [TEST_STEP][PASSED] - acceptAlert: Alert accepted

2018-03-20 19:15:28 - [MESSAGE][PASSED] - Alert accepted

2018-03-20 19:15:29 - [TEST_STEP][PASSED] - verifyElementPresent: Object 'Object Repository/EPD/UI/Page_EPD_Patient details/div_Patient is succesvol verwi' is present

2018-03-20 19:15:29 - [MESSAGE][WARNING] - Timeout '0' is invalid. Using default page load timeout: '30'

2018-03-20 19:15:30 - [MESSAGE][PASSED] - Object 'Object Repository/EPD/UI/Page_EPD_Patient details/div_Patient is succesvol verwi' is present

2018-03-20 19:15:30 - [TEST_STEP][PASSED] - callTestCase: Call Test Case 'Test Cases/EPD/Components/UI/CloseBrowser' successfully

2018-03-20 19:15:30 - [TEST_CASE][PASSED] - Test Cases/EPD/Components/UI/CloseBrowser: Test Cases/EPD/Components/UI/CloseBrowser

2018-03-20 19:15:30 - [TEST_STEP][PASSED] - closeBrowser: Browser is closed

2018-03-20 19:15:31 - [MESSAGE][PASSED] - Browser is closed

2018-03-20 19:15:31 - [MESSAGE][PASSED] - Call Test Case 'Test Cases/EPD/Components/UI/CloseBrowser' successfully]]></system-out>
         <system-err><![CDATA[]]></system-err>
      </testcase>
      <testcase name="Test Cases/EPD/Test Cases/TC_MaakPatientAan_ControleerPatient_VoegBehandelingToe_VerwijderPatient" classname="Test Cases/EPD/Test Cases/TC_MaakPatientAan_ControleerPatient_VoegBehandelingToe_VerwijderPatient" status="PASSED">
         <system-out><![CDATA[2018-03-20 19:15:31 - [TEST_CASE][PASSED] - Test Cases/EPD/Test Cases/TC_MaakPatientAan_ControleerPatient_VoegBehandelingToe_VerwijderPatient: Test Cases/EPD/Test Cases/TC_MaakPatientAan_ControleerPatient_VoegBehandelingToe_VerwijderPatient

2018-03-20 19:15:31 - [TEST_STEP][PASSED] - callTestCase: Call Test Case 'Test Cases/EPD/Components/UI/StartBrowser' successfully

2018-03-20 19:15:32 - [TEST_CASE][PASSED] - Test Cases/EPD/Components/UI/StartBrowser: Test Cases/EPD/Components/UI/StartBrowser

2018-03-20 19:15:32 - [TEST_STEP][PASSED] - openBrowser: Browser is opened with url: 'https://epdonline.herokuapp.com/'

2018-03-20 19:15:38 - [MESSAGE][PASSED] - Browser is opened with url: 'https://epdonline.herokuapp.com/'

2018-03-20 19:15:38 - [MESSAGE][PASSED] - Call Test Case 'Test Cases/EPD/Components/UI/StartBrowser' successfully

2018-03-20 19:15:38 - [TEST_STEP][PASSED] - click: Object: 'Object Repository/EPD/UI/Page_EPD online/a_Open EPD' is clicked on

2018-03-20 19:15:39 - [MESSAGE][PASSED] - Object: 'Object Repository/EPD/UI/Page_EPD online/a_Open EPD' is clicked on

2018-03-20 19:15:39 - [TEST_STEP][PASSED] - click: Object: 'Object Repository/EPD/UI/Page_EPD online/a_Overzicht patienten' is clicked on

2018-03-20 19:15:40 - [MESSAGE][PASSED] - Object: 'Object Repository/EPD/UI/Page_EPD online/a_Overzicht patienten' is clicked on

2018-03-20 19:15:40 - [TEST_STEP][PASSED] - click: Object: 'Object Repository/EPD/UI/Page_EPD online/a_Patient toevoegen' is clicked on

2018-03-20 19:15:40 - [MESSAGE][PASSED] - Object: 'Object Repository/EPD/UI/Page_EPD online/a_Patient toevoegen' is clicked on

2018-03-20 19:15:40 - [TEST_STEP][PASSED] - callTestCase: Call Test Case 'Test Cases/EPD/Components/UI/VoegPatientToe' successfully

2018-03-20 19:15:40 - [TEST_CASE][PASSED] - Test Cases/EPD/Components/UI/VoegPatientToe: Test Cases/EPD/Components/UI/VoegPatientToe

2018-03-20 19:15:41 - [TEST_STEP][PASSED] - setText: Text 'test' is set on object 'Object Repository/EPD/UI/Page_EPD Toevoegen patient/input_patientfirst_name'

2018-03-20 19:15:41 - [MESSAGE][PASSED] - Text 'test' is set on object 'Object Repository/EPD/UI/Page_EPD Toevoegen patient/input_patientfirst_name'

2018-03-20 19:15:41 - [TEST_STEP][PASSED] - setText: Text 'de Tester' is set on object 'Object Repository/EPD/UI/Page_EPD Toevoegen patient/input_patientlast_name'

2018-03-20 19:15:42 - [MESSAGE][PASSED] - Text 'de Tester' is set on object 'Object Repository/EPD/UI/Page_EPD Toevoegen patient/input_patientlast_name'

2018-03-20 19:15:42 - [TEST_STEP][PASSED] - setText: Text '123456' is set on object 'Object Repository/EPD/UI/Page_EPD Toevoegen patient/input_patientbsn'

2018-03-20 19:15:42 - [MESSAGE][PASSED] - Text '123456' is set on object 'Object Repository/EPD/UI/Page_EPD Toevoegen patient/input_patientbsn'

2018-03-20 19:15:42 - [TEST_STEP][PASSED] - selectOptionByValue: All options with value '18' are selected in object 'Object Repository/EPD/UI/Page_EPD Toevoegen patient/select_12345678910111213141516' 

2018-03-20 19:15:43 - [MESSAGE][PASSED] - All options with value '18' are selected in object 'Object Repository/EPD/UI/Page_EPD Toevoegen patient/select_12345678910111213141516' 

2018-03-20 19:15:43 - [TEST_STEP][PASSED] - selectOptionByValue: All options with value '1' are selected in object 'Object Repository/EPD/UI/Page_EPD Toevoegen patient/select_JanuaryFebruaryMarchApr' 

2018-03-20 19:15:43 - [MESSAGE][PASSED] - All options with value '1' are selected in object 'Object Repository/EPD/UI/Page_EPD Toevoegen patient/select_JanuaryFebruaryMarchApr' 

2018-03-20 19:15:43 - [TEST_STEP][PASSED] - selectOptionByValue: All options with value '1990' are selected in object 'Object Repository/EPD/UI/Page_EPD Toevoegen patient/select_19501951195219531954195' 

2018-03-20 19:15:44 - [MESSAGE][PASSED] - All options with value '1990' are selected in object 'Object Repository/EPD/UI/Page_EPD Toevoegen patient/select_19501951195219531954195' 

2018-03-20 19:15:44 - [TEST_STEP][PASSED] - selectOptionByValue: All options with value 'Vrouw' are selected in object 'Object Repository/EPD/UI/Page_EPD Toevoegen patient/select_ManVrouw' 

2018-03-20 19:15:44 - [MESSAGE][PASSED] - All options with value 'Vrouw' are selected in object 'Object Repository/EPD/UI/Page_EPD Toevoegen patient/select_ManVrouw' 

2018-03-20 19:15:44 - [TEST_STEP][PASSED] - setText: Text 'Rotterdamseweg' is set on object 'Object Repository/EPD/UI/Page_EPD Toevoegen patient/input_patientstreet'

2018-03-20 19:15:44 - [MESSAGE][PASSED] - Text 'Rotterdamseweg' is set on object 'Object Repository/EPD/UI/Page_EPD Toevoegen patient/input_patientstreet'

2018-03-20 19:15:44 - [TEST_STEP][PASSED] - setText: Text '3020BC' is set on object 'Object Repository/EPD/UI/Page_EPD Toevoegen patient/input_patientzipcode'

2018-03-20 19:15:45 - [MESSAGE][PASSED] - Text '3020BC' is set on object 'Object Repository/EPD/UI/Page_EPD Toevoegen patient/input_patientzipcode'

2018-03-20 19:15:45 - [TEST_STEP][PASSED] - setText: Text 'Rotterdam' is set on object 'Object Repository/EPD/UI/Page_EPD Toevoegen patient/input_patientcity'

2018-03-20 19:15:45 - [MESSAGE][PASSED] - Text 'Rotterdam' is set on object 'Object Repository/EPD/UI/Page_EPD Toevoegen patient/input_patientcity'

2018-03-20 19:15:45 - [TEST_STEP][PASSED] - setText: Text '107654321' is set on object 'Object Repository/EPD/UI/Page_EPD Toevoegen patient/input_patientphone'

2018-03-20 19:15:46 - [MESSAGE][PASSED] - Text '107654321' is set on object 'Object Repository/EPD/UI/Page_EPD Toevoegen patient/input_patientphone'

2018-03-20 19:15:46 - [TEST_STEP][PASSED] - setText: Text 'detester@test.com' is set on object 'Object Repository/EPD/UI/Page_EPD Toevoegen patient/input_patientemail'

2018-03-20 19:15:47 - [MESSAGE][PASSED] - Text 'detester@test.com' is set on object 'Object Repository/EPD/UI/Page_EPD Toevoegen patient/input_patientemail'

2018-03-20 19:15:47 - [TEST_STEP][PASSED] - setText: Text 'NN' is set on object 'Object Repository/EPD/UI/Page_EPD Toevoegen patient/input_patientinsurance_company'

2018-03-20 19:15:47 - [MESSAGE][PASSED] - Text 'NN' is set on object 'Object Repository/EPD/UI/Page_EPD Toevoegen patient/input_patientinsurance_company'

2018-03-20 19:15:47 - [TEST_STEP][PASSED] - setText: Text '987654321' is set on object 'Object Repository/EPD/UI/Page_EPD Toevoegen patient/input_patientinsurance_number'

2018-03-20 19:15:48 - [MESSAGE][PASSED] - Text '987654321' is set on object 'Object Repository/EPD/UI/Page_EPD Toevoegen patient/input_patientinsurance_number'

2018-03-20 19:15:48 - [MESSAGE][PASSED] - Call Test Case 'Test Cases/EPD/Components/UI/VoegPatientToe' successfully

2018-03-20 19:15:48 - [TEST_STEP][PASSED] - click: Object: 'Object Repository/EPD/UI/Page_EPD Toevoegen patient/input_commit' is clicked on

2018-03-20 19:15:49 - [MESSAGE][PASSED] - Object: 'Object Repository/EPD/UI/Page_EPD Toevoegen patient/input_commit' is clicked on

2018-03-20 19:15:49 - [TEST_STEP][PASSED] - verifyElementPresent: Object 'Object Repository/EPD/UI/Page_EPD_Patient details/div_Patient is succesvol aange' is present

2018-03-20 19:15:49 - [MESSAGE][WARNING] - Timeout '0' is invalid. Using default page load timeout: '30'

2018-03-20 19:15:49 - [MESSAGE][PASSED] - Object 'Object Repository/EPD/UI/Page_EPD_Patient details/div_Patient is succesvol aange' is present

2018-03-20 19:15:49 - [TEST_STEP][PASSED] - click: Object: 'Object Repository/EPD/UI/Page_EPD_Patient details/a_Behandeling toevoegen' is clicked on

2018-03-20 19:15:49 - [MESSAGE][PASSED] - Object: 'Object Repository/EPD/UI/Page_EPD_Patient details/a_Behandeling toevoegen' is clicked on

2018-03-20 19:15:49 - [TEST_STEP][PASSED] - callTestCase: Call Test Case 'Test Cases/EPD/Components/UI/VoegBehandelingToe' successfully

2018-03-20 19:15:49 - [TEST_CASE][PASSED] - Test Cases/EPD/Components/UI/VoegBehandelingToe: Test Cases/EPD/Components/UI/VoegBehandelingToe

2018-03-20 19:15:50 - [TEST_STEP][PASSED] - selectOptionByValue: All options with value '10' are selected in object 'Object Repository/EPD/UI/Page_EPD Toevoegen behandeling/select_12345678910111213141516' 

2018-03-20 19:15:50 - [MESSAGE][PASSED] - All options with value '10' are selected in object 'Object Repository/EPD/UI/Page_EPD Toevoegen behandeling/select_12345678910111213141516' 

2018-03-20 19:15:50 - [TEST_STEP][PASSED] - selectOptionByValue: All options with value '2' are selected in object 'Object Repository/EPD/UI/Page_EPD Toevoegen behandeling/select_JanuaryFebruaryMarchApr' 

2018-03-20 19:15:50 - [MESSAGE][PASSED] - All options with value '2' are selected in object 'Object Repository/EPD/UI/Page_EPD Toevoegen behandeling/select_JanuaryFebruaryMarchApr' 

2018-03-20 19:15:50 - [TEST_STEP][PASSED] - selectOptionByValue: All options with value '2019' are selected in object 'Object Repository/EPD/UI/Page_EPD Toevoegen behandeling/select_20162017201820192020202' 

2018-03-20 19:15:51 - [MESSAGE][PASSED] - All options with value '2019' are selected in object 'Object Repository/EPD/UI/Page_EPD Toevoegen behandeling/select_20162017201820192020202' 

2018-03-20 19:15:51 - [TEST_STEP][PASSED] - selectOptionByValue: All options with value 'Opname' are selected in object 'Object Repository/EPD/UI/Page_EPD Toevoegen behandeling/select_PoliklinischOpname' 

2018-03-20 19:15:51 - [MESSAGE][PASSED] - All options with value 'Opname' are selected in object 'Object Repository/EPD/UI/Page_EPD Toevoegen behandeling/select_PoliklinischOpname' 

2018-03-20 19:15:51 - [TEST_STEP][PASSED] - setText: Text 'Dokter anders' is set on object 'Object Repository/EPD/UI/Page_EPD Toevoegen behandeling/input_treatmenttreated_by'

2018-03-20 19:15:52 - [MESSAGE][PASSED] - Text 'Dokter anders' is set on object 'Object Repository/EPD/UI/Page_EPD Toevoegen behandeling/input_treatmenttreated_by'

2018-03-20 19:15:52 - [TEST_STEP][PASSED] - setText: Text 'Knie operatie' is set on object 'Object Repository/EPD/UI/Page_EPD Toevoegen behandeling/input_treatmentname'

2018-03-20 19:15:52 - [MESSAGE][PASSED] - Text 'Knie operatie' is set on object 'Object Repository/EPD/UI/Page_EPD Toevoegen behandeling/input_treatmentname'

2018-03-20 19:15:52 - [TEST_STEP][PASSED] - selectOptionByValue: All options with value 'Chirurgie' are selected in object 'Object Repository/EPD/UI/Page_EPD Toevoegen behandeling/select_RadiologieChirurgieCard' 

2018-03-20 19:15:53 - [MESSAGE][PASSED] - All options with value 'Chirurgie' are selected in object 'Object Repository/EPD/UI/Page_EPD Toevoegen behandeling/select_RadiologieChirurgieCard' 

2018-03-20 19:15:53 - [TEST_STEP][PASSED] - selectOptionByValue: All options with value 'Normaal' are selected in object 'Object Repository/EPD/UI/Page_EPD Toevoegen behandeling/select_LaagNormaalSpoed' 

2018-03-20 19:15:53 - [MESSAGE][PASSED] - All options with value 'Normaal' are selected in object 'Object Repository/EPD/UI/Page_EPD Toevoegen behandeling/select_LaagNormaalSpoed' 

2018-03-20 19:15:53 - [MESSAGE][PASSED] - Call Test Case 'Test Cases/EPD/Components/UI/VoegBehandelingToe' successfully

2018-03-20 19:15:53 - [TEST_STEP][PASSED] - click: Object: 'Object Repository/EPD/UI/Page_EPD Toevoegen behandeling/input_commit' is clicked on

2018-03-20 19:15:54 - [MESSAGE][PASSED] - Object: 'Object Repository/EPD/UI/Page_EPD Toevoegen behandeling/input_commit' is clicked on

2018-03-20 19:15:54 - [TEST_STEP][PASSED] - verifyElementPresent: Object 'Object Repository/EPD/UI/Page_EPD_Patient details/div_Behandeling is successvol' is present

2018-03-20 19:15:54 - [MESSAGE][WARNING] - Timeout '0' is invalid. Using default page load timeout: '30'

2018-03-20 19:15:54 - [MESSAGE][PASSED] - Object 'Object Repository/EPD/UI/Page_EPD_Patient details/div_Behandeling is successvol' is present

2018-03-20 19:15:54 - [TEST_STEP][PASSED] - click: Object: 'Object Repository/EPD/UI/Page_EPD_Patient details/a_Verwijderen' is clicked on

2018-03-20 19:15:55 - [MESSAGE][PASSED] - Object: 'Object Repository/EPD/UI/Page_EPD_Patient details/a_Verwijderen' is clicked on

2018-03-20 19:15:55 - [TEST_STEP][PASSED] - acceptAlert: Alert accepted

2018-03-20 19:15:55 - [MESSAGE][PASSED] - Alert accepted

2018-03-20 19:15:55 - [TEST_STEP][PASSED] - verifyElementPresent: Object 'Object Repository/EPD/UI/Page_EPD_Patient details/div_Patient is succesvol verwi' is present

2018-03-20 19:15:55 - [MESSAGE][WARNING] - Timeout '0' is invalid. Using default page load timeout: '30'

2018-03-20 19:15:56 - [MESSAGE][PASSED] - Object 'Object Repository/EPD/UI/Page_EPD_Patient details/div_Patient is succesvol verwi' is present

2018-03-20 19:15:56 - [TEST_STEP][PASSED] - callTestCase: Call Test Case 'Test Cases/EPD/Components/UI/CloseBrowser' successfully

2018-03-20 19:15:56 - [TEST_CASE][PASSED] - Test Cases/EPD/Components/UI/CloseBrowser: Test Cases/EPD/Components/UI/CloseBrowser

2018-03-20 19:15:56 - [TEST_STEP][PASSED] - closeBrowser: Browser is closed

2018-03-20 19:15:56 - [MESSAGE][PASSED] - Browser is closed

2018-03-20 19:15:56 - [MESSAGE][PASSED] - Call Test Case 'Test Cases/EPD/Components/UI/CloseBrowser' successfully]]></system-out>
         <system-err><![CDATA[]]></system-err>
      </testcase>
      <system-out><![CDATA[2018-03-20 19:14:57 - [TEST_SUITE][PASSED] - TS_DemoEPD: Test Cases/EPD/Test Cases/TC_MaakPatientAan_ControleerPatient_VoegBehandelingToe_VerwijderPatient]]></system-out>
      <system-err><![CDATA[]]></system-err>
   </testsuite>
</testsuites>
