<?xml version="1.0" encoding="UTF-8"?>
<testsuites name="TS_DemoEPD" time="21" tests="1" failures="0" errors="0">
   <testsuite name="TS_DemoEPD" tests="1" failures="0" errors="0" time="21" timestamp="2018-03-18 16:58:01" hostname="root - 407fad7ff0f9" id="Test Suites/TS_DemoEPD">
      <properties>
         <property name="deviceName" value=""/>
         <property name="devicePlatform" value=""/>
         <property name="logFolder" value="/katalon/katalon/project/Reports/TS_DemoEPD/20180318_165757"/>
         <property name="logFiles" value="/katalon/katalon/project/Reports/TS_DemoEPD/20180318_165757/execution0.log"/>
         <property name="attachments" value=""/>
         <property name="hostName" value="root - 407fad7ff0f9"/>
         <property name="os" value="Linux 64bit"/>
         <property name="katalonVersion" value="5.3.1.1"/>
         <property name="browser" value="Chrome 64.0.3282.186"/>
         <property name="hostAddress" value="172.17.0.2"/>
         <property name="sessionId" value="e91d8d1e125d2ec5b37c25935ccac544"/>
         <property name="seleniumVersion" value="3.7.1"/>
         <property name="proxyInformation" value="ProxyInformation{proxyOption=NO_PROXY, proxyServerType=HTTP, password=, proxyServerAddress=, proxyServerPort=0}"/>
         <property name="platform" value="Linux"/>
      </properties>
      <testcase name="Test Cases/EPD/Test Cases/TC_MaakPatientAan_ControleerPatient_VoegBehandelingToe_VerwijderPatient" classname="Test Cases/EPD/Test Cases/TC_MaakPatientAan_ControleerPatient_VoegBehandelingToe_VerwijderPatient" status="PASSED">
         <system-out><![CDATA[2018-03-18 16:58:03 - [TEST_CASE][PASSED] - Test Cases/EPD/Test Cases/TC_MaakPatientAan_ControleerPatient_VoegBehandelingToe_VerwijderPatient: Test Cases/EPD/Test Cases/TC_MaakPatientAan_ControleerPatient_VoegBehandelingToe_VerwijderPatient

2018-03-18 16:58:04 - [TEST_STEP][PASSED] - callTestCase: Call Test Case 'Test Cases/EPD/Components/Rest/MaakPatientAanVoorZiekenhuisA' successfully

2018-03-18 16:58:05 - [TEST_CASE][PASSED] - Test Cases/EPD/Components/Rest/MaakPatientAanVoorZiekenhuisA: Test Cases/EPD/Components/Rest/MaakPatientAanVoorZiekenhuisA

2018-03-18 16:58:05 - [TEST_STEP][PASSED] - Statement - response = com.kms.katalon.core.webservice.keyword.WSBuiltInKeywords.sendRequest(com.kms.katalon.core.testobject.ObjectRepository.findTestObject(EPD/Rest/REST_postPatientDeTesterForHospitalA)): Send request successfully

2018-03-18 16:58:06 - [MESSAGE][PASSED] - Send request successfully

2018-03-18 16:58:06 - [MESSAGE][PASSED] - Call Test Case 'Test Cases/EPD/Components/Rest/MaakPatientAanVoorZiekenhuisA' successfully

2018-03-18 16:58:06 - [TEST_STEP][PASSED] - callTestCase: Call Test Case 'Test Cases/EPD/Components/UI/StartBrowser' successfully

2018-03-18 16:58:06 - [TEST_CASE][PASSED] - Test Cases/EPD/Components/UI/StartBrowser: Test Cases/EPD/Components/UI/StartBrowser

2018-03-18 16:58:06 - [TEST_STEP][PASSED] - openBrowser: Browser is opened with url: 'https://epdonline.herokuapp.com/'

2018-03-18 16:58:14 - [MESSAGE][PASSED] - Browser is opened with url: 'https://epdonline.herokuapp.com/'

2018-03-18 16:58:14 - [MESSAGE][PASSED] - Call Test Case 'Test Cases/EPD/Components/UI/StartBrowser' successfully

2018-03-18 16:58:14 - [TEST_STEP][PASSED] - click: Object: 'Object Repository/EPD/UI/Page_EPD online/a_Open EPD' is clicked on

2018-03-18 16:58:15 - [MESSAGE][PASSED] - Object: 'Object Repository/EPD/UI/Page_EPD online/a_Open EPD' is clicked on

2018-03-18 16:58:15 - [TEST_STEP][PASSED] - click: Object: 'Object Repository/EPD/UI/Page_EPD online/a_Overzicht patienten' is clicked on

2018-03-18 16:58:15 - [MESSAGE][PASSED] - Object: 'Object Repository/EPD/UI/Page_EPD online/a_Overzicht patienten' is clicked on

2018-03-18 16:58:15 - [TEST_STEP][PASSED] - callTestCase: Call Test Case 'Test Cases/EPD/Components/UI/VerifieerPatient' successfully

2018-03-18 16:58:15 - [TEST_CASE][PASSED] - Test Cases/EPD/Components/UI/VerifieerPatient: Test Cases/EPD/Components/UI/VerifieerPatient

2018-03-18 16:58:15 - [TEST_STEP][PASSED] - verifyTextPresent: Text 'de Tester' is present on page 

2018-03-18 16:58:15 - [MESSAGE][PASSED] - Text 'de Tester' is present on page 

2018-03-18 16:58:15 - [MESSAGE][PASSED] - Call Test Case 'Test Cases/EPD/Components/UI/VerifieerPatient' successfully

2018-03-18 16:58:15 - [TEST_STEP][PASSED] - click: Object: 'Object Repository/EPD/UI/Page_EPD online/a_Details' is clicked on

2018-03-18 16:58:15 - [MESSAGE][PASSED] - Object: 'Object Repository/EPD/UI/Page_EPD online/a_Details' is clicked on

2018-03-18 16:58:16 - [TEST_STEP][PASSED] - click: Object: 'Object Repository/EPD/UI/Page_EPD_Patient details/a_Behandeling toevoegen' is clicked on

2018-03-18 16:58:16 - [MESSAGE][PASSED] - Object: 'Object Repository/EPD/UI/Page_EPD_Patient details/a_Behandeling toevoegen' is clicked on

2018-03-18 16:58:16 - [TEST_STEP][PASSED] - callTestCase: Call Test Case 'Test Cases/EPD/Components/UI/VoegBehandelingToe' successfully

2018-03-18 16:58:16 - [TEST_CASE][PASSED] - Test Cases/EPD/Components/UI/VoegBehandelingToe: Test Cases/EPD/Components/UI/VoegBehandelingToe

2018-03-18 16:58:16 - [TEST_STEP][PASSED] - selectOptionByValue: All options with value '18' are selected in object 'Object Repository/EPD/UI/Page_EPD Toevoegen behandeling/select_12345678910111213141516'  using regular expression

2018-03-18 16:58:17 - [MESSAGE][PASSED] - All options with value '18' are selected in object 'Object Repository/EPD/UI/Page_EPD Toevoegen behandeling/select_12345678910111213141516'  using regular expression

2018-03-18 16:58:17 - [TEST_STEP][PASSED] - selectOptionByValue: All options with value '6' are selected in object 'Object Repository/EPD/UI/Page_EPD Toevoegen behandeling/select_JanuaryFebruaryMarchApr'  using regular expression

2018-03-18 16:58:18 - [MESSAGE][PASSED] - All options with value '6' are selected in object 'Object Repository/EPD/UI/Page_EPD Toevoegen behandeling/select_JanuaryFebruaryMarchApr'  using regular expression

2018-03-18 16:58:18 - [TEST_STEP][PASSED] - selectOptionByValue: All options with value '2020' are selected in object 'Object Repository/EPD/UI/Page_EPD Toevoegen behandeling/select_20162017201820192020202'  using regular expression

2018-03-18 16:58:19 - [MESSAGE][PASSED] - All options with value '2020' are selected in object 'Object Repository/EPD/UI/Page_EPD Toevoegen behandeling/select_20162017201820192020202'  using regular expression

2018-03-18 16:58:19 - [TEST_STEP][PASSED] - selectOptionByValue: All options with value 'Opname' are selected in object 'Object Repository/EPD/UI/Page_EPD Toevoegen behandeling/select_PoliklinischOpname'  using regular expression

2018-03-18 16:58:19 - [MESSAGE][PASSED] - All options with value 'Opname' are selected in object 'Object Repository/EPD/UI/Page_EPD Toevoegen behandeling/select_PoliklinischOpname'  using regular expression

2018-03-18 16:58:19 - [TEST_STEP][PASSED] - setText: Text 'Dokter anders' is set on object 'Object Repository/EPD/UI/Page_EPD Toevoegen behandeling/input_treatmenttreated_by'

2018-03-18 16:58:19 - [MESSAGE][PASSED] - Text 'Dokter anders' is set on object 'Object Repository/EPD/UI/Page_EPD Toevoegen behandeling/input_treatmenttreated_by'

2018-03-18 16:58:19 - [TEST_STEP][PASSED] - setText: Text 'Knie operatie' is set on object 'Object Repository/EPD/UI/Page_EPD Toevoegen behandeling/input_treatmentname'

2018-03-18 16:58:20 - [MESSAGE][PASSED] - Text 'Knie operatie' is set on object 'Object Repository/EPD/UI/Page_EPD Toevoegen behandeling/input_treatmentname'

2018-03-18 16:58:20 - [TEST_STEP][PASSED] - selectOptionByValue: All options with value 'Chirurgie' are selected in object 'Object Repository/EPD/UI/Page_EPD Toevoegen behandeling/select_RadiologieChirurgieCard'  using regular expression

2018-03-18 16:58:20 - [MESSAGE][PASSED] - All options with value 'Chirurgie' are selected in object 'Object Repository/EPD/UI/Page_EPD Toevoegen behandeling/select_RadiologieChirurgieCard'  using regular expression

2018-03-18 16:58:20 - [TEST_STEP][PASSED] - selectOptionByValue: All options with value 'Normaal' are selected in object 'Object Repository/EPD/UI/Page_EPD Toevoegen behandeling/select_LaagNormaalSpoed'  using regular expression

2018-03-18 16:58:20 - [MESSAGE][PASSED] - All options with value 'Normaal' are selected in object 'Object Repository/EPD/UI/Page_EPD Toevoegen behandeling/select_LaagNormaalSpoed'  using regular expression

2018-03-18 16:58:20 - [MESSAGE][PASSED] - Call Test Case 'Test Cases/EPD/Components/UI/VoegBehandelingToe' successfully

2018-03-18 16:58:20 - [TEST_STEP][PASSED] - click: Object: 'Object Repository/EPD/UI/Page_EPD Toevoegen behandeling/input_commit' is clicked on

2018-03-18 16:58:21 - [MESSAGE][PASSED] - Object: 'Object Repository/EPD/UI/Page_EPD Toevoegen behandeling/input_commit' is clicked on

2018-03-18 16:58:21 - [TEST_STEP][PASSED] - verifyElementPresent: Object 'Object Repository/EPD/UI/Page_EPD_Patient details/div_Behandeling is successvol' is present

2018-03-18 16:58:21 - [MESSAGE][WARNING] - Timeout '0' is invalid. Using default page load timeout: '30'

2018-03-18 16:58:21 - [MESSAGE][PASSED] - Object 'Object Repository/EPD/UI/Page_EPD_Patient details/div_Behandeling is successvol' is present

2018-03-18 16:58:21 - [TEST_STEP][PASSED] - click: Object: 'Object Repository/EPD/UI/Page_EPD_Patient details/a_Verwijderen (1)' is clicked on

2018-03-18 16:58:21 - [MESSAGE][PASSED] - Object: 'Object Repository/EPD/UI/Page_EPD_Patient details/a_Verwijderen (1)' is clicked on

2018-03-18 16:58:21 - [TEST_STEP][PASSED] - acceptAlert: Alert accepted

2018-03-18 16:58:22 - [MESSAGE][PASSED] - Alert accepted

2018-03-18 16:58:22 - [TEST_STEP][PASSED] - verifyElementPresent: Object 'Object Repository/EPD/UI/Page_EPD_Patient details/div_Patient is succesvol verwi' is present

2018-03-18 16:58:22 - [MESSAGE][WARNING] - Timeout '0' is invalid. Using default page load timeout: '30'

2018-03-18 16:58:22 - [MESSAGE][PASSED] - Object 'Object Repository/EPD/UI/Page_EPD_Patient details/div_Patient is succesvol verwi' is present

2018-03-18 16:58:22 - [TEST_STEP][PASSED] - callTestCase: Call Test Case 'Test Cases/EPD/Components/UI/CloseBrowser' successfully

2018-03-18 16:58:22 - [TEST_CASE][PASSED] - Test Cases/EPD/Components/UI/CloseBrowser: Test Cases/EPD/Components/UI/CloseBrowser

2018-03-18 16:58:22 - [TEST_STEP][PASSED] - closeBrowser: Browser is closed

2018-03-18 16:58:22 - [MESSAGE][PASSED] - Browser is closed

2018-03-18 16:58:22 - [MESSAGE][PASSED] - Call Test Case 'Test Cases/EPD/Components/UI/CloseBrowser' successfully]]></system-out>
         <system-err><![CDATA[]]></system-err>
      </testcase>
      <system-out><![CDATA[2018-03-18 16:58:01 - [TEST_SUITE][PASSED] - TS_DemoEPD: Test Cases/EPD/Test Cases/TC_MaakPatientAan_ControleerPatient_VoegBehandelingToe_VerwijderPatient]]></system-out>
      <system-err><![CDATA[]]></system-err>
   </testsuite>
</testsuites>
